# JRE version: OpenJDK Runtime Environment (8.0_302-b08) (build 1.8.0_302-b08)
# Java VM: OpenJDK 64-Bit Server VM (25.302-b08 mixed mode windows-amd64 compressed oops)
Heap:
 PSYoungGen      total 4189696K, used 3016496K [0x000000066b780000, 0x000000076b880000, 0x00000007c0000000)
  eden space 4185600K, 72% used [0x000000066b780000,0x00000007238ec308,0x000000076af00000)
  from space 4096K, 9% used [0x000000076b380000,0x000000076b3e0000,0x000000076b780000)
  to   space 4608K, 0% used [0x000000076af00000,0x000000076af00000,0x000000076b380000)
 ParOldGen       total 697856K, used 2594K [0x00000003c2600000, 0x00000003ecf80000, 0x000000066b780000)
  object space 697856K, 0% used [0x00000003c2600000,0x00000003c2888ae8,0x00000003ecf80000)
 Metaspace       used 8994K, capacity 9264K, committed 9472K, reserved 1058816K
  class space    used 954K, capacity 1020K, committed 1024K, reserved 1048576K
GC Heap History (10 events):
Event: 7.554 GC heap before
{Heap before GC invocations=6 (full 0):
 PSYoungGen      total 1090048K, used 1049222K [0x000000066b780000, 0x00000006ebb80000, 0x00000007c0000000)
  eden space 1046528K, 100% used [0x000000066b780000,0x00000006ab580000,0x00000006ab580000)
  from space 43520K, 6% used [0x00000006ab580000,0x00000006ab821860,0x00000006ae000000)
  to   space 4096K, 0% used [0x00000006eb780000,0x00000006eb780000,0x00000006ebb80000)
 ParOldGen       total 697856K, used 176K [0x00000003c2600000, 0x00000003ecf80000, 0x000000066b780000)
  object space 697856K, 0% used [0x00000003c2600000,0x00000003c262c010,0x00000003ecf80000)
 Metaspace       used 8838K, capacity 9136K, committed 9216K, reserved 1056768K
  class space    used 954K, capacity 1020K, committed 1024K, reserved 1048576K
Event: 7.597 GC heap after
Heap after GC invocations=6 (full 0):
 PSYoungGen      total 2096128K, used 2451K [0x000000066b780000, 0x00000006eba80000, 0x00000007c0000000)
  eden space 2093056K, 0% used [0x000000066b780000,0x000000066b780000,0x00000006eb380000)
  from space 3072K, 79% used [0x00000006eb780000,0x00000006eb9e4c40,0x00000006eba80000)
  to   space 3584K, 0% used [0x00000006eb380000,0x00000006eb380000,0x00000006eb700000)
 ParOldGen       total 697856K, used 184K [0x00000003c2600000, 0x00000003ecf80000, 0x000000066b780000)
  object space 697856K, 0% used [0x00000003c2600000,0x00000003c262e010,0x00000003ecf80000)
 Metaspace       used 8838K, capacity 9136K, committed 9216K, reserved 1056768K
  class space    used 954K, capacity 1020K, committed 1024K, reserved 1048576K
}
Event: 10.803 GC heap before
{Heap before GC invocations=7 (full 0):
 PSYoungGen      total 2096128K, used 2095507K [0x000000066b780000, 0x00000006eba80000, 0x00000007c0000000)
  eden space 2093056K, 100% used [0x000000066b780000,0x00000006eb380000,0x00000006eb380000)
  from space 3072K, 79% used [0x00000006eb780000,0x00000006eb9e4c40,0x00000006eba80000)
  to   space 3584K, 0% used [0x00000006eb380000,0x00000006eb380000,0x00000006eb700000)
 ParOldGen       total 697856K, used 184K [0x00000003c2600000, 0x00000003ecf80000, 0x000000066b780000)
  object space 697856K, 0% used [0x00000003c2600000,0x00000003c262e010,0x00000003ecf80000)
 Metaspace       used 8901K, capacity 9200K, committed 9216K, reserved 1056768K
  class space    used 954K, capacity 1020K, committed 1024K, reserved 1048576K
Event: 11.070 GC heap after
Heap after GC invocations=7 (full 0):
 PSYoungGen      total 2096640K, used 256K [0x000000066b780000, 0x000000076b780000, 0x00000007c0000000)
  eden space 2093056K, 0% used [0x000000066b780000,0x000000066b780000,0x00000006eb380000)
  from space 3584K, 7% used [0x00000006eb380000,0x00000006eb3c0000,0x00000006eb700000)
  to   space 4096K, 0% used [0x000000076b380000,0x000000076b380000,0x000000076b780000)
 ParOldGen       total 697856K, used 2418K [0x00000003c2600000, 0x00000003ecf80000, 0x000000066b780000)
  object space 697856K, 0% used [0x00000003c2600000,0x00000003c285cae8,0x00000003ecf80000)
 Metaspace       used 8901K, capacity 9200K, committed 9216K, reserved 1056768K
  class space    used 954K, capacity 1020K, committed 1024K, reserved 1048576K
}
Event: 13.836 GC heap before
{Heap before GC invocations=8 (full 0):
 PSYoungGen      total 2096640K, used 2093312K [0x000000066b780000, 0x000000076b780000, 0x00000007c0000000)
  eden space 2093056K, 100% used [0x000000066b780000,0x00000006eb380000,0x00000006eb380000)
  from space 3584K, 7% used [0x00000006eb380000,0x00000006eb3c0000,0x00000006eb700000)
  to   space 4096K, 0% used [0x000000076b380000,0x000000076b380000,0x000000076b780000)
 ParOldGen       total 697856K, used 2418K [0x00000003c2600000, 0x00000003ecf80000, 0x000000066b780000)
  object space 697856K, 0% used [0x00000003c2600000,0x00000003c285cae8,0x00000003ecf80000)
 Metaspace       used 8914K, capacity 9200K, committed 9216K, reserved 1056768K
  class space    used 954K, capacity 1020K, committed 1024K, reserved 1048576K
Event: 13.861 GC heap after
Heap after GC invocations=8 (full 0):
 PSYoungGen      total 4189696K, used 352K [0x000000066b780000, 0x000000076b880000, 0x00000007c0000000)
  eden space 4185600K, 0% used [0x000000066b780000,0x000000066b780000,0x000000076af00000)
  from space 4096K, 8% used [0x000000076b380000,0x000000076b3d8000,0x000000076b780000)
  to   space 4608K, 0% used [0x000000076af00000,0x000000076af00000,0x000000076b380000)
 ParOldGen       total 697856K, used 2474K [0x00000003c2600000, 0x00000003ecf80000, 0x000000066b780000)
  object space 697856K, 0% used [0x00000003c2600000,0x00000003c286aae8,0x00000003ecf80000)
 Metaspace       used 8914K, capacity 9200K, committed 9216K, reserved 1056768K
  class space    used 954K, capacity 1020K, committed 1024K, reserved 1048576K
}
Event: 20.765 GC heap before
{Heap before GC invocations=9 (full 0):
 PSYoungGen      total 4189696K, used 4185952K [0x000000066b780000, 0x000000076b880000, 0x00000007c0000000)
  eden space 4185600K, 100% used [0x000000066b780000,0x000000076af00000,0x000000076af00000)
  from space 4096K, 8% used [0x000000076b380000,0x000000076b3d8000,0x000000076b780000)
  to   space 4608K, 0% used [0x000000076af00000,0x000000076af00000,0x000000076b380000)
 ParOldGen       total 697856K, used 2474K [0x00000003c2600000, 0x00000003ecf80000, 0x000000066b780000)
  object space 697856K, 0% used [0x00000003c2600000,0x00000003c286aae8,0x00000003ecf80000)
 Metaspace       used 8986K, capacity 9264K, committed 9472K, reserved 1058816K
  class space    used 954K, capacity 1020K, committed 1024K, reserved 1048576K
Event: 20.835 GC heap after
Heap after GC invocations=9 (full 0):
 PSYoungGen      total 4190208K, used 384K [0x000000066b780000, 0x000000076b880000, 0x00000007c0000000)
  eden space 4185600K, 0% used [0x000000066b780000,0x000000066b780000,0x000000076af00000)
  from space 4608K, 8% used [0x000000076af00000,0x000000076af60000,0x000000076b380000)
  to   space 4096K, 0% used [0x000000076b380000,0x000000076b380000,0x000000076b780000)
 ParOldGen       total 697856K, used 2538K [0x00000003c2600000, 0x00000003ecf80000, 0x000000066b780000)
  object space 697856K, 0% used [0x00000003c2600000,0x00000003c287aae8,0x00000003ecf80000)
 Metaspace       used 8986K, capacity 9264K, committed 9472K, reserved 1058816K
  class space    used 954K, capacity 1020K, committed 1024K, reserved 1048576K
}
Event: 26.676 GC heap before
{Heap before GC invocations=10 (full 0):
 PSYoungGen      total 4190208K, used 4185984K [0x000000066b780000, 0x000000076b880000, 0x00000007c0000000)
  eden space 4185600K, 100% used [0x000000066b780000,0x000000076af00000,0x000000076af00000)
  from space 4608K, 8% used [0x000000076af00000,0x000000076af60000,0x000000076b380000)
  to   space 4096K, 0% used [0x000000076b380000,0x000000076b380000,0x000000076b780000)
 ParOldGen       total 697856K, used 2538K [0x00000003c2600000, 0x00000003ecf80000, 0x000000066b780000)
  object space 697856K, 0% used [0x00000003c2600000,0x00000003c287aae8,0x00000003ecf80000)
 Metaspace       used 8991K, capacity 9264K, committed 9472K, reserved 1058816K
  class space    used 954K, capacity 1020K, committed 1024K, reserved 1048576K
Event: 26.708 GC heap after
Heap after GC invocations=10 (full 0):
 PSYoungGen      total 4189696K, used 384K [0x000000066b780000, 0x000000076b880000, 0x00000007c0000000)
  eden space 4185600K, 0% used [0x000000066b780000,0x000000066b780000,0x000000076af00000)
  from space 4096K, 9% used [0x000000076b380000,0x000000076b3e0000,0x000000076b780000)
  to   space 4608K, 0% used [0x000000076af00000,0x000000076af00000,0x000000076b380000)
 ParOldGen       total 697856K, used 2594K [0x00000003c2600000, 0x00000003ecf80000, 0x000000066b780000)
  object space 697856K, 0% used [0x00000003c2600000,0x00000003c2888ae8,0x00000003ecf80000)
 Metaspace       used 8991K, capacity 9264K, committed 9472K, reserved 1058816K
  class space    used 954K, capacity 1020K, committed 1024K, reserved 1048576K
}

